<?xml version="1.0" encoding="UTF-8"?>
<!-- Generated by org.testng.reporters.JUnitReportReporter -->
<testsuite skipped="0" hostname="DESKTOP-RLI4FS8" name="basics.Main2" tests="3" failures="0" timestamp="19 Mar 2019 17:34:23 GMT" time="0.015" errors="0">
  <testcase name="i" time="0.015" classname="basics.Main2"/>
  <testcase name="f" time="0.000" classname="basics.Main2"/>
  <testcase name="h" time="0.000" classname="basics.Main2"/>
</testsuite> <!-- basics.Main2 -->
