<?xml version="1.0" encoding="UTF-8"?>
<!-- Generated by org.testng.reporters.JUnitReportReporter -->
<testsuite skipped="0" hostname="DESKTOP-RLI4FS8" name="basics.Main1" tests="2" failures="0" timestamp="19 Mar 2019 17:34:23 GMT" time="0.016" errors="0">
  <testcase name="a" time="0.016" classname="basics.Main1"/>
  <testcase name="b" time="0.000" classname="basics.Main1"/>
</testsuite> <!-- basics.Main1 -->
